# JRE version: Java(TM) SE Runtime Environment (8.0_221-b11) (build 1.8.0_221-b11)
# Java VM: Java HotSpot(TM) 64-Bit Server VM (25.221-b11 mixed mode windows-amd64 compressed oops)
Heap:
 PSYoungGen      total 534528K, used 523849K [0x0000000715b00000, 0x0000000737700000, 0x00000007c0000000)
  eden space 523776K, 97% used [0x0000000715b00000,0x00000007350126c8,0x0000000735a80000)
  from space 10752K, 100% used [0x0000000736780000,0x0000000737200000,0x0000000737200000)
  to   space 13312K, 0% used [0x0000000735a80000,0x0000000735a80000,0x0000000736780000)
 ParOldGen       total 349696K, used 97902K [0x00000005c1000000, 0x00000005d6580000, 0x0000000715b00000)
  object space 349696K, 27% used [0x00000005c1000000,0x00000005c6f9ba40,0x00000005d6580000)
 Metaspace       used 7609K, capacity 7783K, committed 8064K, reserved 1056768K
  class space    used 746K, capacity 794K, committed 896K, reserved 1048576K
GC Heap History (10 events):
Event: 8.461 GC heap before
{Heap before GC invocations=8 (full 0):
 PSYoungGen      total 537088K, used 537088K [0x0000000715b00000, 0x0000000737700000, 0x00000007c0000000)
  eden space 523776K, 100% used [0x0000000715b00000,0x0000000735a80000,0x0000000735a80000)
  from space 13312K, 100% used [0x0000000735a80000,0x0000000736780000,0x0000000736780000)
  to   space 10752K, 0% used [0x0000000736780000,0x0000000736780000,0x0000000737200000)
 ParOldGen       total 349696K, used 16494K [0x00000005c1000000, 0x00000005d6580000, 0x0000000715b00000)
  object space 349696K, 4% used [0x00000005c1000000,0x00000005c201ba40,0x00000005d6580000)
 Metaspace       used 7584K, capacity 7719K, committed 8064K, reserved 1056768K
  class space    used 742K, capacity 794K, committed 896K, reserved 1048576K
Event: 8.522 GC heap after
Heap after GC invocations=8 (full 0):
 PSYoungGen      total 534528K, used 10752K [0x0000000715b00000, 0x0000000737700000, 0x00000007c0000000)
  eden space 523776K, 0% used [0x0000000715b00000,0x0000000715b00000,0x0000000735a80000)
  from space 10752K, 100% used [0x0000000736780000,0x0000000737200000,0x0000000737200000)
  to   space 13312K, 0% used [0x0000000735a80000,0x0000000735a80000,0x0000000736780000)
 ParOldGen       total 349696K, used 34774K [0x00000005c1000000, 0x00000005d6580000, 0x0000000715b00000)
  object space 349696K, 9% used [0x00000005c1000000,0x00000005c31f5a40,0x00000005d6580000)
 Metaspace       used 7584K, capacity 7719K, committed 8064K, reserved 1056768K
  class space    used 742K, capacity 794K, committed 896K, reserved 1048576K
}
Event: 9.822 GC heap before
{Heap before GC invocations=9 (full 0):
 PSYoungGen      total 534528K, used 534528K [0x0000000715b00000, 0x0000000737700000, 0x00000007c0000000)
  eden space 523776K, 100% used [0x0000000715b00000,0x0000000735a80000,0x0000000735a80000)
  from space 10752K, 100% used [0x0000000736780000,0x0000000737200000,0x0000000737200000)
  to   space 13312K, 0% used [0x0000000735a80000,0x0000000735a80000,0x0000000736780000)
 ParOldGen       total 349696K, used 34774K [0x00000005c1000000, 0x00000005d6580000, 0x0000000715b00000)
  object space 349696K, 9% used [0x00000005c1000000,0x00000005c31f5a40,0x00000005d6580000)
 Metaspace       used 7587K, capacity 7719K, committed 8064K, reserved 1056768K
  class space    used 742K, capacity 794K, committed 896K, reserved 1048576K
Event: 9.882 GC heap after
Heap after GC invocations=9 (full 0):
 PSYoungGen      total 537088K, used 13312K [0x0000000715b00000, 0x0000000737700000, 0x00000007c0000000)
  eden space 523776K, 0% used [0x0000000715b00000,0x0000000715b00000,0x0000000735a80000)
  from space 13312K, 100% used [0x0000000735a80000,0x0000000736780000,0x0000000736780000)
  to   space 10752K, 0% used [0x0000000736780000,0x0000000736780000,0x0000000737200000)
 ParOldGen       total 349696K, used 48286K [0x00000005c1000000, 0x00000005d6580000, 0x0000000715b00000)
  object space 349696K, 13% used [0x00000005c1000000,0x00000005c3f27a40,0x00000005d6580000)
 Metaspace       used 7587K, capacity 7719K, committed 8064K, reserved 1056768K
  class space    used 742K, capacity 794K, committed 896K, reserved 1048576K
}
Event: 11.128 GC heap before
{Heap before GC invocations=10 (full 0):
 PSYoungGen      total 537088K, used 537088K [0x0000000715b00000, 0x0000000737700000, 0x00000007c0000000)
  eden space 523776K, 100% used [0x0000000715b00000,0x0000000735a80000,0x0000000735a80000)
  from space 13312K, 100% used [0x0000000735a80000,0x0000000736780000,0x0000000736780000)
  to   space 10752K, 0% used [0x0000000736780000,0x0000000736780000,0x0000000737200000)
 ParOldGen       total 349696K, used 48286K [0x00000005c1000000, 0x00000005d6580000, 0x0000000715b00000)
  object space 349696K, 13% used [0x00000005c1000000,0x00000005c3f27a40,0x00000005d6580000)
 Metaspace       used 7587K, capacity 7719K, committed 8064K, reserved 1056768K
  class space    used 742K, capacity 794K, committed 896K, reserved 1048576K
Event: 11.190 GC heap after
Heap after GC invocations=10 (full 0):
 PSYoungGen      total 534528K, used 10752K [0x0000000715b00000, 0x0000000737700000, 0x00000007c0000000)
  eden space 523776K, 0% used [0x0000000715b00000,0x0000000715b00000,0x0000000735a80000)
  from space 10752K, 100% used [0x0000000736780000,0x0000000737200000,0x0000000737200000)
  to   space 13312K, 0% used [0x0000000735a80000,0x0000000735a80000,0x0000000736780000)
 ParOldGen       total 349696K, used 66566K [0x00000005c1000000, 0x00000005d6580000, 0x0000000715b00000)
  object space 349696K, 19% used [0x00000005c1000000,0x00000005c5101a40,0x00000005d6580000)
 Metaspace       used 7587K, capacity 7719K, committed 8064K, reserved 1056768K
  class space    used 742K, capacity 794K, committed 896K, reserved 1048576K
}
Event: 12.546 GC heap before
{Heap before GC invocations=11 (full 0):
 PSYoungGen      total 534528K, used 534528K [0x0000000715b00000, 0x0000000737700000, 0x00000007c0000000)
  eden space 523776K, 100% used [0x0000000715b00000,0x0000000735a80000,0x0000000735a80000)
  from space 10752K, 100% used [0x0000000736780000,0x0000000737200000,0x0000000737200000)
  to   space 13312K, 0% used [0x0000000735a80000,0x0000000735a80000,0x0000000736780000)
 ParOldGen       total 349696K, used 66566K [0x00000005c1000000, 0x00000005d6580000, 0x0000000715b00000)
  object space 349696K, 19% used [0x00000005c1000000,0x00000005c5101a40,0x00000005d6580000)
 Metaspace       used 7591K, capacity 7719K, committed 8064K, reserved 1056768K
  class space    used 742K, capacity 794K, committed 896K, reserved 1048576K
Event: 12.608 GC heap after
Heap after GC invocations=11 (full 0):
 PSYoungGen      total 537088K, used 13312K [0x0000000715b00000, 0x0000000737700000, 0x00000007c0000000)
  eden space 523776K, 0% used [0x0000000715b00000,0x0000000715b00000,0x0000000735a80000)
  from space 13312K, 100% used [0x0000000735a80000,0x0000000736780000,0x0000000736780000)
  to   space 10752K, 0% used [0x0000000736780000,0x0000000736780000,0x0000000737200000)
 ParOldGen       total 349696K, used 79854K [0x00000005c1000000, 0x00000005d6580000, 0x0000000715b00000)
  object space 349696K, 22% used [0x00000005c1000000,0x00000005c5dfba40,0x00000005d6580000)
 Metaspace       used 7591K, capacity 7719K, committed 8064K, reserved 1056768K
  class space    used 742K, capacity 794K, committed 896K, reserved 1048576K
}
Event: 14.073 GC heap before
{Heap before GC invocations=12 (full 0):
 PSYoungGen      total 537088K, used 537088K [0x0000000715b00000, 0x0000000737700000, 0x00000007c0000000)
  eden space 523776K, 100% used [0x0000000715b00000,0x0000000735a80000,0x0000000735a80000)
  from space 13312K, 100% used [0x0000000735a80000,0x0000000736780000,0x0000000736780000)
  to   space 10752K, 0% used [0x0000000736780000,0x0000000736780000,0x0000000737200000)
 ParOldGen       total 349696K, used 79854K [0x00000005c1000000, 0x00000005d6580000, 0x0000000715b00000)
  object space 349696K, 22% used [0x00000005c1000000,0x00000005c5dfba40,0x00000005d6580000)
 Metaspace       used 7591K, capacity 7719K, committed 8064K, reserved 1056768K
  class space    used 742K, capacity 794K, committed 896K, reserved 1048576K
Event: 14.133 GC heap after
Heap after GC invocations=12 (full 0):
 PSYoungGen      total 534528K, used 10752K [0x0000000715b00000, 0x0000000737700000, 0x00000007c0000000)
  eden space 523776K, 0% used [0x0000000715b00000,0x0000000715b00000,0x0000000735a80000)
  from space 10752K, 100% used [0x0000000736780000,0x0000000737200000,0x0000000737200000)
  to   space 13312K, 0% used [0x0000000735a80000,0x0000000735a80000,0x0000000736780000)
 ParOldGen       total 349696K, used 97902K [0x00000005c1000000, 0x00000005d6580000, 0x0000000715b00000)
  object space 349696K, 27% used [0x00000005c1000000,0x00000005c6f9ba40,0x00000005d6580000)
 Metaspace       used 7591K, capacity 7719K, committed 8064K, reserved 1056768K
  class space    used 742K, capacity 794K, committed 896K, reserved 1048576K
}

