# JRE version: Java(TM) SE Runtime Environment (8.0_221-b11) (build 1.8.0_221-b11)
# Java VM: Java HotSpot(TM) 64-Bit Server VM (25.221-b11 mixed mode windows-amd64 compressed oops)
Heap:
 PSYoungGen      total 547840K, used 303122K [0x0000000715b00000, 0x0000000738700000, 0x00000007c0000000)
  eden space 526336K, 53% used [0x0000000715b00000,0x0000000726f4c808,0x0000000735d00000)
  from space 21504K, 93% used [0x0000000737200000,0x00000007385b8000,0x0000000738700000)
  to   space 21504K, 0% used [0x0000000735d00000,0x0000000735d00000,0x0000000737200000)
 ParOldGen       total 349696K, used 2627K [0x00000005c1000000, 0x00000005d6580000, 0x0000000715b00000)
  object space 349696K, 0% used [0x00000005c1000000,0x00000005c1290db8,0x00000005d6580000)
 Metaspace       used 7576K, capacity 7719K, committed 8064K, reserved 1056768K
  class space    used 742K, capacity 794K, committed 896K, reserved 1048576K
GC Heap History (10 events):
Event: 4.782 GC heap before
{Heap before GC invocations=4 (full 0):
 PSYoungGen      total 284672K, used 275008K [0x0000000715b00000, 0x0000000738700000, 0x00000007c0000000)
  eden space 263168K, 100% used [0x0000000715b00000,0x0000000725c00000,0x0000000725c00000)
  from space 21504K, 55% used [0x0000000725c00000,0x0000000726790000,0x0000000727100000)
  to   space 21504K, 0% used [0x0000000737200000,0x0000000737200000,0x0000000738700000)
 ParOldGen       total 349696K, used 32K [0x00000005c1000000, 0x00000005d6580000, 0x0000000715b00000)
  object space 349696K, 0% used [0x00000005c1000000,0x00000005c1008000,0x00000005d6580000)
 Metaspace       used 7532K, capacity 7655K, committed 7808K, reserved 1056768K
  class space    used 742K, capacity 794K, committed 896K, reserved 1048576K
Event: 4.813 GC heap after
Heap after GC invocations=4 (full 0):
 PSYoungGen      total 547840K, used 11776K [0x0000000715b00000, 0x0000000738700000, 0x00000007c0000000)
  eden space 526336K, 0% used [0x0000000715b00000,0x0000000715b00000,0x0000000735d00000)
  from space 21504K, 54% used [0x0000000737200000,0x0000000737d80020,0x0000000738700000)
  to   space 21504K, 0% used [0x0000000735d00000,0x0000000735d00000,0x0000000737200000)
 ParOldGen       total 349696K, used 40K [0x00000005c1000000, 0x00000005d6580000, 0x0000000715b00000)
  object space 349696K, 0% used [0x00000005c1000000,0x00000005c100a000,0x00000005d6580000)
 Metaspace       used 7532K, capacity 7655K, committed 7808K, reserved 1056768K
  class space    used 742K, capacity 794K, committed 896K, reserved 1048576K
}
Event: 6.359 GC heap before
{Heap before GC invocations=5 (full 0):
 PSYoungGen      total 547840K, used 538112K [0x0000000715b00000, 0x0000000738700000, 0x00000007c0000000)
  eden space 526336K, 100% used [0x0000000715b00000,0x0000000735d00000,0x0000000735d00000)
  from space 21504K, 54% used [0x0000000737200000,0x0000000737d80020,0x0000000738700000)
  to   space 21504K, 0% used [0x0000000735d00000,0x0000000735d00000,0x0000000737200000)
 ParOldGen       total 349696K, used 40K [0x00000005c1000000, 0x00000005d6580000, 0x0000000715b00000)
  object space 349696K, 0% used [0x00000005c1000000,0x00000005c100a000,0x00000005d6580000)
 Metaspace       used 7544K, capacity 7655K, committed 7808K, reserved 1056768K
  class space    used 742K, capacity 794K, committed 896K, reserved 1048576K
Event: 6.421 GC heap after
Heap after GC invocations=5 (full 0):
 PSYoungGen      total 547840K, used 21488K [0x0000000715b00000, 0x0000000738700000, 0x00000007c0000000)
  eden space 526336K, 0% used [0x0000000715b00000,0x0000000715b00000,0x0000000735d00000)
  from space 21504K, 99% used [0x0000000735d00000,0x00000007371fc010,0x0000000737200000)
  to   space 21504K, 0% used [0x0000000737200000,0x0000000737200000,0x0000000738700000)
 ParOldGen       total 349696K, used 472K [0x00000005c1000000, 0x00000005d6580000, 0x0000000715b00000)
  object space 349696K, 0% used [0x00000005c1000000,0x00000005c1076000,0x00000005d6580000)
 Metaspace       used 7544K, capacity 7655K, committed 7808K, reserved 1056768K
  class space    used 742K, capacity 794K, committed 896K, reserved 1048576K
}
Event: 8.058 GC heap before
{Heap before GC invocations=6 (full 0):
 PSYoungGen      total 547840K, used 547824K [0x0000000715b00000, 0x0000000738700000, 0x00000007c0000000)
  eden space 526336K, 100% used [0x0000000715b00000,0x0000000735d00000,0x0000000735d00000)
  from space 21504K, 99% used [0x0000000735d00000,0x00000007371fc010,0x0000000737200000)
  to   space 21504K, 0% used [0x0000000737200000,0x0000000737200000,0x0000000738700000)
 ParOldGen       total 349696K, used 472K [0x00000005c1000000, 0x00000005d6580000, 0x0000000715b00000)
  object space 349696K, 0% used [0x00000005c1000000,0x00000005c1076000,0x00000005d6580000)
 Metaspace       used 7547K, capacity 7655K, committed 7808K, reserved 1056768K
  class space    used 742K, capacity 794K, committed 896K, reserved 1048576K
Event: 8.119 GC heap after
Heap after GC invocations=6 (full 0):
 PSYoungGen      total 547840K, used 21504K [0x0000000715b00000, 0x0000000738700000, 0x00000007c0000000)
  eden space 526336K, 0% used [0x0000000715b00000,0x0000000715b00000,0x0000000735d00000)
  from space 21504K, 100% used [0x0000000737200000,0x0000000738700000,0x0000000738700000)
  to   space 21504K, 0% used [0x0000000735d00000,0x0000000735d00000,0x0000000737200000)
 ParOldGen       total 349696K, used 816K [0x00000005c1000000, 0x00000005d6580000, 0x0000000715b00000)
  object space 349696K, 0% used [0x00000005c1000000,0x00000005c10cc000,0x00000005d6580000)
 Metaspace       used 7547K, capacity 7655K, committed 7808K, reserved 1056768K
  class space    used 742K, capacity 794K, committed 896K, reserved 1048576K
}
Event: 10.707 GC heap before
{Heap before GC invocations=7 (full 0):
 PSYoungGen      total 547840K, used 547840K [0x0000000715b00000, 0x0000000738700000, 0x00000007c0000000)
  eden space 526336K, 100% used [0x0000000715b00000,0x0000000735d00000,0x0000000735d00000)
  from space 21504K, 100% used [0x0000000737200000,0x0000000738700000,0x0000000738700000)
  to   space 21504K, 0% used [0x0000000735d00000,0x0000000735d00000,0x0000000737200000)
 ParOldGen       total 349696K, used 816K [0x00000005c1000000, 0x00000005d6580000, 0x0000000715b00000)
  object space 349696K, 0% used [0x00000005c1000000,0x00000005c10cc000,0x00000005d6580000)
 Metaspace       used 7555K, capacity 7655K, committed 7808K, reserved 1056768K
  class space    used 742K, capacity 794K, committed 896K, reserved 1048576K
Event: 10.767 GC heap after
Heap after GC invocations=7 (full 0):
 PSYoungGen      total 547840K, used 20160K [0x0000000715b00000, 0x0000000738700000, 0x00000007c0000000)
  eden space 526336K, 0% used [0x0000000715b00000,0x0000000715b00000,0x0000000735d00000)
  from space 21504K, 93% used [0x0000000735d00000,0x00000007370b0000,0x0000000737200000)
  to   space 21504K, 0% used [0x0000000737200000,0x0000000737200000,0x0000000738700000)
 ParOldGen       total 349696K, used 2619K [0x00000005c1000000, 0x00000005d6580000, 0x0000000715b00000)
  object space 349696K, 0% used [0x00000005c1000000,0x00000005c128edb8,0x00000005d6580000)
 Metaspace       used 7555K, capacity 7655K, committed 7808K, reserved 1056768K
  class space    used 742K, capacity 794K, committed 896K, reserved 1048576K
}
Event: 14.157 GC heap before
{Heap before GC invocations=8 (full 0):
 PSYoungGen      total 547840K, used 546496K [0x0000000715b00000, 0x0000000738700000, 0x00000007c0000000)
  eden space 526336K, 100% used [0x0000000715b00000,0x0000000735d00000,0x0000000735d00000)
  from space 21504K, 93% used [0x0000000735d00000,0x00000007370b0000,0x0000000737200000)
  to   space 21504K, 0% used [0x0000000737200000,0x0000000737200000,0x0000000738700000)
 ParOldGen       total 349696K, used 2619K [0x00000005c1000000, 0x00000005d6580000, 0x0000000715b00000)
  object space 349696K, 0% used [0x00000005c1000000,0x00000005c128edb8,0x00000005d6580000)
 Metaspace       used 7576K, capacity 7719K, committed 8064K, reserved 1056768K
  class space    used 742K, capacity 794K, committed 896K, reserved 1048576K
Event: 14.223 GC heap after
Heap after GC invocations=8 (full 0):
 PSYoungGen      total 547840K, used 20192K [0x0000000715b00000, 0x0000000738700000, 0x00000007c0000000)
  eden space 526336K, 0% used [0x0000000715b00000,0x0000000715b00000,0x0000000735d00000)
  from space 21504K, 93% used [0x0000000737200000,0x00000007385b8000,0x0000000738700000)
  to   space 21504K, 0% used [0x0000000735d00000,0x0000000735d00000,0x0000000737200000)
 ParOldGen       total 349696K, used 2627K [0x00000005c1000000, 0x00000005d6580000, 0x0000000715b00000)
  object space 349696K, 0% used [0x00000005c1000000,0x00000005c1290db8,0x00000005d6580000)
 Metaspace       used 7576K, capacity 7719K, committed 8064K, reserved 1056768K
  class space    used 742K, capacity 794K, committed 896K, reserved 1048576K
}

